Problem:    javitott
Rows:       37
Columns:    123 (120 integer, 120 binary)
Non-zeros:  726
Status:     INTEGER OPTIMAL
Objective:  hany_filmet_latott = 5 (MAXimum)

   No.   Row name        Activity     Lower bound   Upper bound
------ ------------    ------------- ------------- -------------
     1 ne_koltson_tobbet
                                   0            -0             = 
     2 ne_koltson_haromdere_tobbet
                                   0            -0             = 
     3 segedfuggveny_etel
                                   0            -0             = 
     4 osszes_kiadas
                                5980                        6000 
     5 ne_menjen_csak_enni[1]
                                   0                          -0 
     6 ne_menjen_csak_enni[2]
                                   0                          -0 
     7 ne_menjen_csak_enni[3]
                                   0                          -0 
     8 ne_menjen_csak_enni[4]
                                   0                          -0 
     9 ne_menjen_csak_enni[5]
                                   0                          -0 
    10 ne_menjen_csak_enni[6]
                                   0                          -0 
    11 ne_menjen_csak_enni[7]
                                   0                          -0 
    12 ne_menjen_csak_enni[8]
                                  -1                          -0 
    13 ne_menjen_csak_enni[9]
                                   0                          -0 
    14 ne_menjen_csak_enni[10]
                                  -1                          -0 
    15 haromdes_megnezett_filmek_szama
                                   3             1               
    16 etel_legalabb
                                 0.5            -0               
    17 egy_nap_egy_film[Elrabolva]
                                   1                           1 
    18 egy_nap_egy_film[Rio]
                                   1                           1 
    19 egy_nap_egy_film[Utazok]
                                   0                           1 
    20 egy_nap_egy_film[Utveszto]
                                   1                           1 
    21 egy_nap_egy_film[Joy]
                                   0                           1 
    22 egy_nap_egy_film[Idegpalya]
                                   0                           1 
    23 egy_nap_egy_film[Alien]
                                   1                           1 
    24 egy_nap_egy_film[Rubinvoros]
                                   1                           1 
    25 egy_nap_egy_film[Enekelj]
                                   0                           1 
    26 egy_film_egyszer[1]
                                   0                           1 
    27 egy_film_egyszer[2]
                                   1                           1 
    28 egy_film_egyszer[3]
                                   1                           1 
    29 egy_film_egyszer[4]
                                   0                           1 
    30 egy_film_egyszer[5]
                                   0                           1 
    31 egy_film_egyszer[6]
                                   1                           1 
    32 egy_film_egyszer[7]
                                   0                           1 
    33 egy_film_egyszer[8]
                                   1                           1 
    34 egy_film_egyszer[9]
                                   0                           1 
    35 egy_film_egyszer[10]
                                   1                           1 
    36 hany_filmet_latott
                                   5                             
    37 mennyiert_evett
                                1350                             

   No. Column name       Activity     Lower bound   Upper bound
------ ------------    ------------- ------------- -------------
     1 megnezi_e[1,Elrabolva]
                    *              0             0             1 
     2 megnezi_e[1,Rio]
                    *              0             0             1 
     3 megnezi_e[1,Utazok]
                    *              0             0             1 
     4 megnezi_e[1,Utveszto]
                    *              0             0             1 
     5 megnezi_e[1,Joy]
                    *              0             0             1 
     6 megnezi_e[1,Idegpalya]
                    *              0             0             1 
     7 megnezi_e[1,Alien]
                    *              0             0             1 
     8 megnezi_e[1,Rubinvoros]
                    *              0             0             1 
     9 megnezi_e[1,Enekelj]
                    *              0             0             1 
    10 megnezi_e[2,Elrabolva]
                    *              0             0             1 
    11 megnezi_e[2,Rio]
                    *              0             0             1 
    12 megnezi_e[2,Utazok]
                    *              0             0             1 
    13 megnezi_e[2,Utveszto]
                    *              1             0             1 
    14 megnezi_e[2,Joy]
                    *              0             0             1 
    15 megnezi_e[2,Idegpalya]
                    *              0             0             1 
    16 megnezi_e[2,Alien]
                    *              0             0             1 
    17 megnezi_e[2,Rubinvoros]
                    *              0             0             1 
    18 megnezi_e[2,Enekelj]
                    *              0             0             1 
    19 megnezi_e[3,Elrabolva]
                    *              0             0             1 
    20 megnezi_e[3,Rio]
                    *              1             0             1 
    21 megnezi_e[3,Utazok]
                    *              0             0             1 
    22 megnezi_e[3,Utveszto]
                    *              0             0             1 
    23 megnezi_e[3,Joy]
                    *              0             0             1 
    24 megnezi_e[3,Idegpalya]
                    *              0             0             1 
    25 megnezi_e[3,Alien]
                    *              0             0             1 
    26 megnezi_e[3,Rubinvoros]
                    *              0             0             1 
    27 megnezi_e[3,Enekelj]
                    *              0             0             1 
    28 megnezi_e[4,Elrabolva]
                    *              0             0             1 
    29 megnezi_e[4,Rio]
                    *              0             0             1 
    30 megnezi_e[4,Utazok]
                    *              0             0             1 
    31 megnezi_e[4,Utveszto]
                    *              0             0             1 
    32 megnezi_e[4,Joy]
                    *              0             0             1 
    33 megnezi_e[4,Idegpalya]
                    *              0             0             1 
    34 megnezi_e[4,Alien]
                    *              0             0             1 
    35 megnezi_e[4,Rubinvoros]
                    *              0             0             1 
    36 megnezi_e[4,Enekelj]
                    *              0             0             1 
    37 megnezi_e[5,Elrabolva]
                    *              0             0             1 
    38 megnezi_e[5,Rio]
                    *              0             0             1 
    39 megnezi_e[5,Utazok]
                    *              0             0             1 
    40 megnezi_e[5,Utveszto]
                    *              0             0             1 
    41 megnezi_e[5,Joy]
                    *              0             0             1 
    42 megnezi_e[5,Idegpalya]
                    *              0             0             1 
    43 megnezi_e[5,Alien]
                    *              0             0             1 
    44 megnezi_e[5,Rubinvoros]
                    *              0             0             1 
    45 megnezi_e[5,Enekelj]
                    *              0             0             1 
    46 megnezi_e[6,Elrabolva]
                    *              1             0             1 
    47 megnezi_e[6,Rio]
                    *              0             0             1 
    48 megnezi_e[6,Utazok]
                    *              0             0             1 
    49 megnezi_e[6,Utveszto]
                    *              0             0             1 
    50 megnezi_e[6,Joy]
                    *              0             0             1 
    51 megnezi_e[6,Idegpalya]
                    *              0             0             1 
    52 megnezi_e[6,Alien]
                    *              0             0             1 
    53 megnezi_e[6,Rubinvoros]
                    *              0             0             1 
    54 megnezi_e[6,Enekelj]
                    *              0             0             1 
    55 megnezi_e[7,Elrabolva]
                    *              0             0             1 
    56 megnezi_e[7,Rio]
                    *              0             0             1 
    57 megnezi_e[7,Utazok]
                    *              0             0             1 
    58 megnezi_e[7,Utveszto]
                    *              0             0             1 
    59 megnezi_e[7,Joy]
                    *              0             0             1 
    60 megnezi_e[7,Idegpalya]
                    *              0             0             1 
    61 megnezi_e[7,Alien]
                    *              0             0             1 
    62 megnezi_e[7,Rubinvoros]
                    *              0             0             1 
    63 megnezi_e[7,Enekelj]
                    *              0             0             1 
    64 megnezi_e[8,Elrabolva]
                    *              0             0             1 
    65 megnezi_e[8,Rio]
                    *              0             0             1 
    66 megnezi_e[8,Utazok]
                    *              0             0             1 
    67 megnezi_e[8,Utveszto]
                    *              0             0             1 
    68 megnezi_e[8,Joy]
                    *              0             0             1 
    69 megnezi_e[8,Idegpalya]
                    *              0             0             1 
    70 megnezi_e[8,Alien]
                    *              1             0             1 
    71 megnezi_e[8,Rubinvoros]
                    *              0             0             1 
    72 megnezi_e[8,Enekelj]
                    *              0             0             1 
    73 megnezi_e[9,Elrabolva]
                    *              0             0             1 
    74 megnezi_e[9,Rio]
                    *              0             0             1 
    75 megnezi_e[9,Utazok]
                    *              0             0             1 
    76 megnezi_e[9,Utveszto]
                    *              0             0             1 
    77 megnezi_e[9,Joy]
                    *              0             0             1 
    78 megnezi_e[9,Idegpalya]
                    *              0             0             1 
    79 megnezi_e[9,Alien]
                    *              0             0             1 
    80 megnezi_e[9,Rubinvoros]
                    *              0             0             1 
    81 megnezi_e[9,Enekelj]
                    *              0             0             1 
    82 megnezi_e[10,Elrabolva]
                    *              0             0             1 
    83 megnezi_e[10,Rio]
                    *              0             0             1 
    84 megnezi_e[10,Utazok]
                    *              0             0             1 
    85 megnezi_e[10,Utveszto]
                    *              0             0             1 
    86 megnezi_e[10,Joy]
                    *              0             0             1 
    87 megnezi_e[10,Idegpalya]
                    *              0             0             1 
    88 megnezi_e[10,Alien]
                    *              0             0             1 
    89 megnezi_e[10,Rubinvoros]
                    *              1             0             1 
    90 megnezi_e[10,Enekelj]
                    *              0             0             1 
    91 eszik_e[1,nachos]
                    *              0             0             1 
    92 eszik_e[2,nachos]
                    *              0             0             1 
    93 eszik_e[3,nachos]
                    *              0             0             1 
    94 eszik_e[4,nachos]
                    *              0             0             1 
    95 eszik_e[5,nachos]
                    *              0             0             1 
    96 eszik_e[6,nachos]
                    *              0             0             1 
    97 eszik_e[7,nachos]
                    *              0             0             1 
    98 eszik_e[8,nachos]
                    *              0             0             1 
    99 eszik_e[9,nachos]
                    *              0             0             1 
   100 eszik_e[10,nachos]
                    *              0             0             1 
   101 eszik_e[1,popcorn]
                    *              0             0             1 
   102 eszik_e[2,popcorn]
                    *              1             0             1 
   103 eszik_e[3,popcorn]
                    *              1             0             1 
   104 eszik_e[4,popcorn]
                    *              0             0             1 
   105 eszik_e[5,popcorn]
                    *              0             0             1 
   106 eszik_e[6,popcorn]
                    *              1             0             1 
   107 eszik_e[7,popcorn]
                    *              0             0             1 
   108 eszik_e[8,popcorn]
                    *              0             0             1 
   109 eszik_e[9,popcorn]
                    *              0             0             1 
   110 eszik_e[10,popcorn]
                    *              0             0             1 
   111 eszik_e[1,chips]
                    *              0             0             1 
   112 eszik_e[2,chips]
                    *              0             0             1 
   113 eszik_e[3,chips]
                    *              0             0             1 
   114 eszik_e[4,chips]
                    *              0             0             1 
   115 eszik_e[5,chips]
                    *              0             0             1 
   116 eszik_e[6,chips]
                    *              0             0             1 
   117 eszik_e[7,chips]
                    *              0             0             1 
   118 eszik_e[8,chips]
                    *              0             0             1 
   119 eszik_e[9,chips]
                    *              0             0             1 
   120 eszik_e[10,chips]
                    *              0             0             1 
   121 seged                    4800                             
   122 seged2                   3100                             
   123 etel                     1350                             

Integer feasibility conditions:

KKT.PE: max.abs.err = 0.00e+00 on row 0
        max.rel.err = 0.00e+00 on row 0
        High quality

KKT.PB: max.abs.err = 0.00e+00 on row 0
        max.rel.err = 0.00e+00 on row 0
        High quality

End of output
