Problem:    verzio
Rows:       30
Columns:    123 (120 integer, 120 binary)
Non-zeros:  696
Status:     INTEGER OPTIMAL
Objective:  hany_filmet_latott = 6 (MAXimum)

   No.   Row name        Activity     Lower bound   Upper bound
------ ------------    ------------- ------------- -------------
     1 ne_koltson_tobbet
                                5121                        6000 
     2 segedfuggveny
                                   0            -0             = 
     3 ne_koltson_tobbet_haromdevel
                                1790                        6000 
     4 segedfuggveny_haromde
                                   0            -0             = 
     5 ne_koltson_tobbet_naponta_etelre
                                 450                         500 
     6 segedfuggveny_etel
                                   0            -0             = 
     7 osszes_kiadas
                                5750                        6000 
     8 haromdes_megnezett_filmek
                                   2             1               
     9 egy_etel_legalabb
                                   1             1               
    10 egy_nap_egy_film[1]
                                   1                           1 
    11 egy_nap_egy_film[2]
                                   1                           1 
    12 egy_nap_egy_film[3]
                                   1                           1 
    13 egy_nap_egy_film[4]
                                   0                           1 
    14 egy_nap_egy_film[5]
                                   0                           1 
    15 egy_nap_egy_film[6]
                                   1                           1 
    16 egy_nap_egy_film[7]
                                   1                           1 
    17 egy_nap_egy_film[8]
                                   1                           1 
    18 egy_nap_egy_film[9]
                                   0                           1 
    19 egy_film_egyszer[1]
                                   1                           1 
    20 egy_film_egyszer[2]
                                   0                           1 
    21 egy_film_egyszer[3]
                                   0                           1 
    22 egy_film_egyszer[4]
                                   1                           1 
    23 egy_film_egyszer[5]
                                   0                           1 
    24 egy_film_egyszer[6]
                                   1                           1 
    25 egy_film_egyszer[7]
                                   0                           1 
    26 egy_film_egyszer[8]
                                   1                           1 
    27 egy_film_egyszer[9]
                                   1                           1 
    28 egy_film_egyszer[10]
                                   1                           1 
    29 hany_filmet_latott
                                   6                             
    30 mennyiert_evett
                                 450                             

   No. Column name       Activity     Lower bound   Upper bound
------ ------------    ------------- ------------- -------------
     1 megnezi_e[1,1]
                    *              0             0             1 
     2 megnezi_e[1,2]
                    *              0             0             1 
     3 megnezi_e[1,3]
                    *              1             0             1 
     4 megnezi_e[1,4]
                    *              0             0             1 
     5 megnezi_e[1,5]
                    *              0             0             1 
     6 megnezi_e[1,6]
                    *              0             0             1 
     7 megnezi_e[1,7]
                    *              0             0             1 
     8 megnezi_e[1,8]
                    *              0             0             1 
     9 megnezi_e[1,9]
                    *              0             0             1 
    10 megnezi_e[2,1]
                    *              0             0             1 
    11 megnezi_e[2,2]
                    *              0             0             1 
    12 megnezi_e[2,3]
                    *              0             0             1 
    13 megnezi_e[2,4]
                    *              0             0             1 
    14 megnezi_e[2,5]
                    *              0             0             1 
    15 megnezi_e[2,6]
                    *              0             0             1 
    16 megnezi_e[2,7]
                    *              0             0             1 
    17 megnezi_e[2,8]
                    *              0             0             1 
    18 megnezi_e[2,9]
                    *              0             0             1 
    19 megnezi_e[3,1]
                    *              0             0             1 
    20 megnezi_e[3,2]
                    *              0             0             1 
    21 megnezi_e[3,3]
                    *              0             0             1 
    22 megnezi_e[3,4]
                    *              0             0             1 
    23 megnezi_e[3,5]
                    *              0             0             1 
    24 megnezi_e[3,6]
                    *              0             0             1 
    25 megnezi_e[3,7]
                    *              0             0             1 
    26 megnezi_e[3,8]
                    *              0             0             1 
    27 megnezi_e[3,9]
                    *              0             0             1 
    28 megnezi_e[4,1]
                    *              0             0             1 
    29 megnezi_e[4,2]
                    *              0             0             1 
    30 megnezi_e[4,3]
                    *              0             0             1 
    31 megnezi_e[4,4]
                    *              0             0             1 
    32 megnezi_e[4,5]
                    *              0             0             1 
    33 megnezi_e[4,6]
                    *              0             0             1 
    34 megnezi_e[4,7]
                    *              1             0             1 
    35 megnezi_e[4,8]
                    *              0             0             1 
    36 megnezi_e[4,9]
                    *              0             0             1 
    37 megnezi_e[5,1]
                    *              0             0             1 
    38 megnezi_e[5,2]
                    *              0             0             1 
    39 megnezi_e[5,3]
                    *              0             0             1 
    40 megnezi_e[5,4]
                    *              0             0             1 
    41 megnezi_e[5,5]
                    *              0             0             1 
    42 megnezi_e[5,6]
                    *              0             0             1 
    43 megnezi_e[5,7]
                    *              0             0             1 
    44 megnezi_e[5,8]
                    *              0             0             1 
    45 megnezi_e[5,9]
                    *              0             0             1 
    46 megnezi_e[6,1]
                    *              1             0             1 
    47 megnezi_e[6,2]
                    *              0             0             1 
    48 megnezi_e[6,3]
                    *              0             0             1 
    49 megnezi_e[6,4]
                    *              0             0             1 
    50 megnezi_e[6,5]
                    *              0             0             1 
    51 megnezi_e[6,6]
                    *              0             0             1 
    52 megnezi_e[6,7]
                    *              0             0             1 
    53 megnezi_e[6,8]
                    *              0             0             1 
    54 megnezi_e[6,9]
                    *              0             0             1 
    55 megnezi_e[7,1]
                    *              0             0             1 
    56 megnezi_e[7,2]
                    *              0             0             1 
    57 megnezi_e[7,3]
                    *              0             0             1 
    58 megnezi_e[7,4]
                    *              0             0             1 
    59 megnezi_e[7,5]
                    *              0             0             1 
    60 megnezi_e[7,6]
                    *              0             0             1 
    61 megnezi_e[7,7]
                    *              0             0             1 
    62 megnezi_e[7,8]
                    *              0             0             1 
    63 megnezi_e[7,9]
                    *              0             0             1 
    64 megnezi_e[8,1]
                    *              0             0             1 
    65 megnezi_e[8,2]
                    *              0             0             1 
    66 megnezi_e[8,3]
                    *              0             0             1 
    67 megnezi_e[8,4]
                    *              0             0             1 
    68 megnezi_e[8,5]
                    *              0             0             1 
    69 megnezi_e[8,6]
                    *              1             0             1 
    70 megnezi_e[8,7]
                    *              0             0             1 
    71 megnezi_e[8,8]
                    *              0             0             1 
    72 megnezi_e[8,9]
                    *              0             0             1 
    73 megnezi_e[9,1]
                    *              0             0             1 
    74 megnezi_e[9,2]
                    *              1             0             1 
    75 megnezi_e[9,3]
                    *              0             0             1 
    76 megnezi_e[9,4]
                    *              0             0             1 
    77 megnezi_e[9,5]
                    *              0             0             1 
    78 megnezi_e[9,6]
                    *              0             0             1 
    79 megnezi_e[9,7]
                    *              0             0             1 
    80 megnezi_e[9,8]
                    *              0             0             1 
    81 megnezi_e[9,9]
                    *              0             0             1 
    82 megnezi_e[10,1]
                    *              0             0             1 
    83 megnezi_e[10,2]
                    *              0             0             1 
    84 megnezi_e[10,3]
                    *              0             0             1 
    85 megnezi_e[10,4]
                    *              0             0             1 
    86 megnezi_e[10,5]
                    *              0             0             1 
    87 megnezi_e[10,6]
                    *              0             0             1 
    88 megnezi_e[10,7]
                    *              0             0             1 
    89 megnezi_e[10,8]
                    *              1             0             1 
    90 megnezi_e[10,9]
                    *              0             0             1 
    91 eszik_e[1,nachos]
                    *              0             0             1 
    92 eszik_e[2,nachos]
                    *              0             0             1 
    93 eszik_e[3,nachos]
                    *              0             0             1 
    94 eszik_e[4,nachos]
                    *              0             0             1 
    95 eszik_e[5,nachos]
                    *              0             0             1 
    96 eszik_e[6,nachos]
                    *              0             0             1 
    97 eszik_e[7,nachos]
                    *              0             0             1 
    98 eszik_e[8,nachos]
                    *              0             0             1 
    99 eszik_e[9,nachos]
                    *              0             0             1 
   100 eszik_e[10,nachos]
                    *              0             0             1 
   101 eszik_e[1,popcorn]
                    *              1             0             1 
   102 eszik_e[2,popcorn]
                    *              0             0             1 
   103 eszik_e[3,popcorn]
                    *              0             0             1 
   104 eszik_e[4,popcorn]
                    *              0             0             1 
   105 eszik_e[5,popcorn]
                    *              0             0             1 
   106 eszik_e[6,popcorn]
                    *              0             0             1 
   107 eszik_e[7,popcorn]
                    *              0             0             1 
   108 eszik_e[8,popcorn]
                    *              0             0             1 
   109 eszik_e[9,popcorn]
                    *              0             0             1 
   110 eszik_e[10,popcorn]
                    *              0             0             1 
   111 eszik_e[1,chips]
                    *              0             0             1 
   112 eszik_e[2,chips]
                    *              0             0             1 
   113 eszik_e[3,chips]
                    *              0             0             1 
   114 eszik_e[4,chips]
                    *              0             0             1 
   115 eszik_e[5,chips]
                    *              0             0             1 
   116 eszik_e[6,chips]
                    *              0             0             1 
   117 eszik_e[7,chips]
                    *              0             0             1 
   118 eszik_e[8,chips]
                    *              0             0             1 
   119 eszik_e[9,chips]
                    *              0             0             1 
   120 eszik_e[10,chips]
                    *              0             0             1 
   121 valami                   5121                             
   122 valami2                  1790                             
   123 kaja                      450                             

Integer feasibility conditions:

KKT.PE: max.abs.err = 0.00e+00 on row 0
        max.rel.err = 0.00e+00 on row 0
        High quality

KKT.PB: max.abs.err = 0.00e+00 on row 0
        max.rel.err = 0.00e+00 on row 0
        High quality

End of output
